# JRE version: Java(TM) SE Runtime Environment (8.0_25-b18) (build 1.8.0_25-b18)
# Java VM: Java HotSpot(TM) 64-Bit Server VM (25.25-b02 mixed mode windows-amd64 compressed oops)
Heap:
 PSYoungGen      total 111616K, used 56167K [0x00000000d5980000, 0x00000000dde80000, 0x0000000100000000)
  eden space 95232K, 42% used [0x00000000d5980000,0x00000000d80f51b8,0x00000000db680000)
  from space 16384K, 96% used [0x00000000dc900000,0x00000000dd864c80,0x00000000dd900000)
  to   space 18944K, 0% used [0x00000000db680000,0x00000000db680000,0x00000000dc900000)
 ParOldGen       total 79360K, used 27656K [0x0000000080c00000, 0x0000000085980000, 0x00000000d5980000)
  object space 79360K, 34% used [0x0000000080c00000,0x0000000082702160,0x0000000085980000)
 Metaspace       used 26068K, capacity 26738K, committed 26928K, reserved 1073152K
  class space    used 3081K, capacity 3346K, committed 3376K, reserved 1048576K
GC Heap History (10 events):
Event: 4.174 GC heap before
{Heap before GC invocations=3 (full 0):
 PSYoungGen      total 38400K, used 38392K [0x00000000d5980000, 0x00000000d8400000, 0x0000000100000000)
  eden space 33280K, 100% used [0x00000000d5980000,0x00000000d7a00000,0x00000000d7a00000)
  from space 5120K, 99% used [0x00000000d7f00000,0x00000000d83fe010,0x00000000d8400000)
  to   space 5120K, 0% used [0x00000000d7a00000,0x00000000d7a00000,0x00000000d7f00000)
 ParOldGen       total 87552K, used 7293K [0x0000000080c00000, 0x0000000086180000, 0x00000000d5980000)
  object space 87552K, 8% used [0x0000000080c00000,0x000000008131f488,0x0000000086180000)
 Metaspace       used 18342K, capacity 18788K, committed 18944K, reserved 1067008K
  class space    used 2143K, capacity 2279K, committed 2304K, reserved 1048576K
Event: 4.211 GC heap after
Heap after GC invocations=3 (full 0):
 PSYoungGen      total 38400K, used 5096K [0x00000000d5980000, 0x00000000da480000, 0x0000000100000000)
  eden space 33280K, 0% used [0x00000000d5980000,0x00000000d5980000,0x00000000d7a00000)
  from space 5120K, 99% used [0x00000000d7a00000,0x00000000d7efa040,0x00000000d7f00000)
  to   space 5120K, 0% used [0x00000000d9f80000,0x00000000d9f80000,0x00000000da480000)
 ParOldGen       total 87552K, used 16342K [0x0000000080c00000, 0x0000000086180000, 0x00000000d5980000)
  object space 87552K, 18% used [0x0000000080c00000,0x0000000081bf5aa0,0x0000000086180000)
 Metaspace       used 18342K, capacity 18788K, committed 18944K, reserved 1067008K
  class space    used 2143K, capacity 2279K, committed 2304K, reserved 1048576K
}
Event: 4.494 GC heap before
{Heap before GC invocations=4 (full 0):
 PSYoungGen      total 38400K, used 11744K [0x00000000d5980000, 0x00000000da480000, 0x0000000100000000)
  eden space 33280K, 19% used [0x00000000d5980000,0x00000000d5ffe2e0,0x00000000d7a00000)
  from space 5120K, 99% used [0x00000000d7a00000,0x00000000d7efa040,0x00000000d7f00000)
  to   space 5120K, 0% used [0x00000000d9f80000,0x00000000d9f80000,0x00000000da480000)
 ParOldGen       total 87552K, used 16342K [0x0000000080c00000, 0x0000000086180000, 0x00000000d5980000)
  object space 87552K, 18% used [0x0000000080c00000,0x0000000081bf5aa0,0x0000000086180000)
 Metaspace       used 20677K, capacity 21154K, committed 21296K, reserved 1069056K
  class space    used 2409K, capacity 2561K, committed 2608K, reserved 1048576K
Event: 4.523 GC heap after
Heap after GC invocations=4 (full 0):
 PSYoungGen      total 71680K, used 5096K [0x00000000d5980000, 0x00000000da480000, 0x0000000100000000)
  eden space 66560K, 0% used [0x00000000d5980000,0x00000000d5980000,0x00000000d9a80000)
  from space 5120K, 99% used [0x00000000d9f80000,0x00000000da47a040,0x00000000da480000)
  to   space 5120K, 0% used [0x00000000d9a80000,0x00000000d9a80000,0x00000000d9f80000)
 ParOldGen       total 87552K, used 17746K [0x0000000080c00000, 0x0000000086180000, 0x00000000d5980000)
  object space 87552K, 20% used [0x0000000080c00000,0x0000000081d54a80,0x0000000086180000)
 Metaspace       used 20677K, capacity 21154K, committed 21296K, reserved 1069056K
  class space    used 2409K, capacity 2561K, committed 2608K, reserved 1048576K
}
Event: 4.523 GC heap before
{Heap before GC invocations=5 (full 1):
 PSYoungGen      total 71680K, used 5096K [0x00000000d5980000, 0x00000000da480000, 0x0000000100000000)
  eden space 66560K, 0% used [0x00000000d5980000,0x00000000d5980000,0x00000000d9a80000)
  from space 5120K, 99% used [0x00000000d9f80000,0x00000000da47a040,0x00000000da480000)
  to   space 5120K, 0% used [0x00000000d9a80000,0x00000000d9a80000,0x00000000d9f80000)
 ParOldGen       total 87552K, used 17746K [0x0000000080c00000, 0x0000000086180000, 0x00000000d5980000)
  object space 87552K, 20% used [0x0000000080c00000,0x0000000081d54a80,0x0000000086180000)
 Metaspace       used 20677K, capacity 21154K, committed 21296K, reserved 1069056K
  class space    used 2409K, capacity 2561K, committed 2608K, reserved 1048576K
Event: 4.652 GC heap after
Heap after GC invocations=5 (full 1):
 PSYoungGen      total 71680K, used 0K [0x00000000d5980000, 0x00000000da480000, 0x0000000100000000)
  eden space 66560K, 0% used [0x00000000d5980000,0x00000000d5980000,0x00000000d9a80000)
  from space 5120K, 0% used [0x00000000d9f80000,0x00000000d9f80000,0x00000000da480000)
  to   space 5120K, 0% used [0x00000000d9a80000,0x00000000d9a80000,0x00000000d9f80000)
 ParOldGen       total 79360K, used 19972K [0x0000000080c00000, 0x0000000085980000, 0x00000000d5980000)
  object space 79360K, 25% used [0x0000000080c00000,0x0000000081f81290,0x0000000085980000)
 Metaspace       used 20675K, capacity 21152K, committed 21296K, reserved 1069056K
  class space    used 2409K, capacity 2560K, committed 2608K, reserved 1048576K
}
Event: 11.527 GC heap before
{Heap before GC invocations=6 (full 1):
 PSYoungGen      total 71680K, used 66560K [0x00000000d5980000, 0x00000000da480000, 0x0000000100000000)
  eden space 66560K, 100% used [0x00000000d5980000,0x00000000d9a80000,0x00000000d9a80000)
  from space 5120K, 0% used [0x00000000d9f80000,0x00000000d9f80000,0x00000000da480000)
  to   space 5120K, 0% used [0x00000000d9a80000,0x00000000d9a80000,0x00000000d9f80000)
 ParOldGen       total 79360K, used 19972K [0x0000000080c00000, 0x0000000085980000, 0x00000000d5980000)
  object space 79360K, 25% used [0x0000000080c00000,0x0000000081f81290,0x0000000085980000)
 Metaspace       used 24832K, capacity 25372K, committed 25648K, reserved 1071104K
  class space    used 2905K, capacity 3092K, committed 3120K, reserved 1048576K
Event: 11.537 GC heap after
Heap after GC invocations=6 (full 1):
 PSYoungGen      total 71680K, used 5088K [0x00000000d5980000, 0x00000000dd900000, 0x0000000100000000)
  eden space 66560K, 0% used [0x00000000d5980000,0x00000000d5980000,0x00000000d9a80000)
  from space 5120K, 99% used [0x00000000d9a80000,0x00000000d9f78020,0x00000000d9f80000)
  to   space 16384K, 0% used [0x00000000dc900000,0x00000000dc900000,0x00000000dd900000)
 ParOldGen       total 79360K, used 27648K [0x0000000080c00000, 0x0000000085980000, 0x00000000d5980000)
  object space 79360K, 34% used [0x0000000080c00000,0x0000000082700160,0x0000000085980000)
 Metaspace       used 24832K, capacity 25372K, committed 25648K, reserved 1071104K
  class space    used 2905K, capacity 3092K, committed 3120K, reserved 1048576K
}
Event: 11.890 GC heap before
{Heap before GC invocations=7 (full 1):
 PSYoungGen      total 71680K, used 71648K [0x00000000d5980000, 0x00000000dd900000, 0x0000000100000000)
  eden space 66560K, 100% used [0x00000000d5980000,0x00000000d9a80000,0x00000000d9a80000)
  from space 5120K, 99% used [0x00000000d9a80000,0x00000000d9f78020,0x00000000d9f80000)
  to   space 16384K, 0% used [0x00000000dc900000,0x00000000dc900000,0x00000000dd900000)
 ParOldGen       total 79360K, used 27648K [0x0000000080c00000, 0x0000000085980000, 0x00000000d5980000)
  object space 79360K, 34% used [0x0000000080c00000,0x0000000082700160,0x0000000085980000)
 Metaspace       used 24865K, capacity 25386K, committed 25648K, reserved 1071104K
  class space    used 2908K, capacity 3094K, committed 3120K, reserved 1048576K
Event: 11.900 GC heap after
Heap after GC invocations=7 (full 1):
 PSYoungGen      total 111616K, used 15763K [0x00000000d5980000, 0x00000000dde80000, 0x0000000100000000)
  eden space 95232K, 0% used [0x00000000d5980000,0x00000000d5980000,0x00000000db680000)
  from space 16384K, 96% used [0x00000000dc900000,0x00000000dd864c80,0x00000000dd900000)
  to   space 18944K, 0% used [0x00000000db680000,0x00000000db680000,0x00000000dc900000)
 ParOldGen       total 79360K, used 27656K [0x0000000080c00000, 0x0000000085980000, 0x00000000d5980000)
  object space 79360K, 34% used [0x0000000080c00000,0x0000000082702160,0x0000000085980000)
 Metaspace       used 24865K, capacity 25386K, committed 25648K, reserved 1071104K
  class space    used 2908K, capacity 3094K, committed 3120K, reserved 1048576K
}

